{
  "0 debug pnpm:scope": {
    "selected": 1
  },
  "1 info pnpm": {
    "message": "Recreating /Users/hd/Library/pnpm/global/5/node_modules",
    "prefix": "/Users/hd/Library/pnpm/global/5"
  },
  "2 debug pnpm:package-manifest": {
    "initial": {
      "dependencies": {
        "pnpm": "^7.3.0",
        "ts-node": "^10.8.1",
        "typescript": "^4.6.4"
      }
    },
    "prefix": "/Users/hd/Library/pnpm/global/5"
  },
  "3 debug pnpm:context": {
    "currentLockfileExists": true,
    "storeDir": "/Users/hd/Library/pnpm/store/v3",
    "virtualStoreDir": "/Users/hd/Library/pnpm/global/5/.pnpm"
  },
  "4 debug pnpm:stage": {
    "prefix": "/Users/hd/Library/pnpm/global/5",
    "stage": "resolution_started"
  },
  "5 debug pnpm:_dependency_resolved": {
    "resolution": "registry.npmjs.org/ts-node/10.8.1",
    "wanted": {
      "dependentId": ".",
      "name": "ts-node",
      "rawSpec": "^10.8.1"
    }
  },
  "6 debug pnpm:progress": {
    "packageId": "registry.npmjs.org/ts-node/10.8.1",
    "requester": "/Users/hd/Library/pnpm/global/5",
    "status": "resolved"
  },
  "7 debug pnpm:progress": {
    "packageId": "registry.npmjs.org/ts-node/10.8.1",
    "requester": "/Users/hd/Library/pnpm/global/5",
    "status": "found_in_store"
  },
  "8 debug pnpm:_dependency_resolved": {
    "resolution": "registry.npmjs.org/pnpm/7.3.0",
    "wanted": {
      "dependentId": ".",
      "name": "pnpm",
      "rawSpec": "^7.3.0"
    }
  },
  "9 debug pnpm:progress": {
    "packageId": "registry.npmjs.org/pnpm/7.3.0",
    "requester": "/Users/hd/Library/pnpm/global/5",
    "status": "resolved"
  },
  "10 debug pnpm:progress": {
    "packageId": "registry.npmjs.org/pnpm/7.3.0",
    "requester": "/Users/hd/Library/pnpm/global/5",
    "status": "found_in_store"
  },
  "11 debug pnpm:_dependency_resolved": {
    "resolution": "registry.npmjs.org/typescript/4.7.4",
    "wanted": {
      "dependentId": ".",
      "name": "typescript",
      "rawSpec": "^4.6.4"
    }
  },
  "12 debug pnpm:progress": {
    "packageId": "registry.npmjs.org/typescript/4.7.4",
    "requester": "/Users/hd/Library/pnpm/global/5",
    "status": "resolved"
  },
  "13 debug pnpm:progress": {
    "packageId": "registry.npmjs.org/typescript/4.7.4",
    "requester": "/Users/hd/Library/pnpm/global/5",
    "status": "found_in_store"
  },
  "14 debug pnpm:_dependency_resolved": {
    "resolution": "registry.npmjs.org/@tsconfig/node12/1.0.11",
    "wanted": {
      "dependentId": "/ts-node/10.8.1",
      "name": "@tsconfig/node12",
      "rawSpec": "^1.0.7"
    }
  },
  "15 debug pnpm:progress": {
    "packageId": "registry.npmjs.org/@tsconfig/node12/1.0.11",
    "requester": "/Users/hd/Library/pnpm/global/5",
    "status": "resolved"
  },
  "16 debug pnpm:progress": {
    "packageId": "registry.npmjs.org/@tsconfig/node12/1.0.11",
    "requester": "/Users/hd/Library/pnpm/global/5",
    "status": "found_in_store"
  },
  "17 debug pnpm:_dependency_resolved": {
    "resolution": "registry.npmjs.org/@tsconfig/node10/1.0.9",
    "wanted": {
      "dependentId": "/ts-node/10.8.1",
      "name": "@tsconfig/node10",
      "rawSpec": "^1.0.7"
    }
  },
  "18 debug pnpm:progress": {
    "packageId": "registry.npmjs.org/@tsconfig/node10/1.0.9",
    "requester": "/Users/hd/Library/pnpm/global/5",
    "status": "resolved"
  },
  "19 debug pnpm:progress": {
    "packageId": "registry.npmjs.org/@tsconfig/node10/1.0.9",
    "requester": "/Users/hd/Library/pnpm/global/5",
    "status": "found_in_store"
  },
  "20 debug pnpm:_dependency_resolved": {
    "resolution": "registry.npmjs.org/acorn/8.7.1",
    "wanted": {
      "dependentId": "/ts-node/10.8.1",
      "name": "acorn",
      "rawSpec": "^8.4.1"
    }
  },
  "21 debug pnpm:progress": {
    "packageId": "registry.npmjs.org/acorn/8.7.1",
    "requester": "/Users/hd/Library/pnpm/global/5",
    "status": "resolved"
  },
  "22 debug pnpm:progress": {
    "packageId": "registry.npmjs.org/acorn/8.7.1",
    "requester": "/Users/hd/Library/pnpm/global/5",
    "status": "found_in_store"
  },
  "23 debug pnpm:_dependency_resolved": {
    "resolution": "registry.npmjs.org/arg/4.1.3",
    "wanted": {
      "dependentId": "/ts-node/10.8.1",
      "name": "arg",
      "rawSpec": "^4.1.0"
    }
  },
  "24 debug pnpm:progress": {
    "packageId": "registry.npmjs.org/arg/4.1.3",
    "requester": "/Users/hd/Library/pnpm/global/5",
    "status": "resolved"
  },
  "25 debug pnpm:progress": {
    "packageId": "registry.npmjs.org/arg/4.1.3",
    "requester": "/Users/hd/Library/pnpm/global/5",
    "status": "found_in_store"
  },
  "26 debug pnpm:_dependency_resolved": {
    "resolution": "registry.npmjs.org/@tsconfig/node14/1.0.3",
    "wanted": {
      "dependentId": "/ts-node/10.8.1",
      "name": "@tsconfig/node14",
      "rawSpec": "^1.0.0"
    }
  },
  "27 debug pnpm:progress": {
    "packageId": "registry.npmjs.org/@tsconfig/node14/1.0.3",
    "requester": "/Users/hd/Library/pnpm/global/5",
    "status": "resolved"
  },
  "28 debug pnpm:progress": {
    "packageId": "registry.npmjs.org/@tsconfig/node14/1.0.3",
    "requester": "/Users/hd/Library/pnpm/global/5",
    "status": "found_in_store"
  },
  "29 debug pnpm:_dependency_resolved": {
    "resolution": "registry.npmjs.org/v8-compile-cache-lib/3.0.1",
    "wanted": {
      "dependentId": "/ts-node/10.8.1",
      "name": "v8-compile-cache-lib",
      "rawSpec": "^3.0.1"
    }
  },
  "30 debug pnpm:progress": {
    "packageId": "registry.npmjs.org/v8-compile-cache-lib/3.0.1",
    "requester": "/Users/hd/Library/pnpm/global/5",
    "status": "resolved"
  },
  "31 debug pnpm:progress": {
    "packageId": "registry.npmjs.org/v8-compile-cache-lib/3.0.1",
    "requester": "/Users/hd/Library/pnpm/global/5",
    "status": "found_in_store"
  },
  "32 debug pnpm:_dependency_resolved": {
    "resolution": "registry.npmjs.org/acorn-walk/8.2.0",
    "wanted": {
      "dependentId": "/ts-node/10.8.1",
      "name": "acorn-walk",
      "rawSpec": "^8.1.1"
    }
  },
  "33 debug pnpm:progress": {
    "packageId": "registry.npmjs.org/acorn-walk/8.2.0",
    "requester": "/Users/hd/Library/pnpm/global/5",
    "status": "resolved"
  },
  "34 debug pnpm:progress": {
    "packageId": "registry.npmjs.org/acorn-walk/8.2.0",
    "requester": "/Users/hd/Library/pnpm/global/5",
    "status": "found_in_store"
  },
  "35 debug pnpm:_dependency_resolved": {
    "resolution": "registry.npmjs.org/diff/4.0.2",
    "wanted": {
      "dependentId": "/ts-node/10.8.1",
      "name": "diff",
      "rawSpec": "^4.0.1"
    }
  },
  "36 debug pnpm:progress": {
    "packageId": "registry.npmjs.org/diff/4.0.2",
    "requester": "/Users/hd/Library/pnpm/global/5",
    "status": "resolved"
  },
  "37 debug pnpm:progress": {
    "packageId": "registry.npmjs.org/diff/4.0.2",
    "requester": "/Users/hd/Library/pnpm/global/5",
    "status": "found_in_store"
  },
  "38 debug pnpm:_dependency_resolved": {
    "resolution": "registry.npmjs.org/create-require/1.1.1",
    "wanted": {
      "dependentId": "/ts-node/10.8.1",
      "name": "create-require",
      "rawSpec": "^1.1.0"
    }
  },
  "39 debug pnpm:progress": {
    "packageId": "registry.npmjs.org/create-require/1.1.1",
    "requester": "/Users/hd/Library/pnpm/global/5",
    "status": "resolved"
  },
  "40 debug pnpm:progress": {
    "packageId": "registry.npmjs.org/create-require/1.1.1",
    "requester": "/Users/hd/Library/pnpm/global/5",
    "status": "found_in_store"
  },
  "41 debug pnpm:_dependency_resolved": {
    "resolution": "registry.npmjs.org/yn/3.1.1",
    "wanted": {
      "dependentId": "/ts-node/10.8.1",
      "name": "yn",
      "rawSpec": "3.1.1"
    }
  },
  "42 debug pnpm:progress": {
    "packageId": "registry.npmjs.org/yn/3.1.1",
    "requester": "/Users/hd/Library/pnpm/global/5",
    "status": "resolved"
  },
  "43 debug pnpm:progress": {
    "packageId": "registry.npmjs.org/yn/3.1.1",
    "requester": "/Users/hd/Library/pnpm/global/5",
    "status": "found_in_store"
  },
  "44 debug pnpm:_dependency_resolved": {
    "resolution": "registry.npmjs.org/make-error/1.3.6",
    "wanted": {
      "dependentId": "/ts-node/10.8.1",
      "name": "make-error",
      "rawSpec": "^1.1.1"
    }
  },
  "45 debug pnpm:progress": {
    "packageId": "registry.npmjs.org/make-error/1.3.6",
    "requester": "/Users/hd/Library/pnpm/global/5",
    "status": "resolved"
  },
  "46 debug pnpm:progress": {
    "packageId": "registry.npmjs.org/make-error/1.3.6",
    "requester": "/Users/hd/Library/pnpm/global/5",
    "status": "found_in_store"
  },
  "47 debug pnpm:_dependency_resolved": {
    "resolution": "registry.npmjs.org/@tsconfig/node16/1.0.3",
    "wanted": {
      "dependentId": "/ts-node/10.8.1",
      "name": "@tsconfig/node16",
      "rawSpec": "^1.0.2"
    }
  },
  "48 debug pnpm:progress": {
    "packageId": "registry.npmjs.org/@tsconfig/node16/1.0.3",
    "requester": "/Users/hd/Library/pnpm/global/5",
    "status": "resolved"
  },
  "49 debug pnpm:progress": {
    "packageId": "registry.npmjs.org/@tsconfig/node16/1.0.3",
    "requester": "/Users/hd/Library/pnpm/global/5",
    "status": "found_in_store"
  },
  "50 debug pnpm:_dependency_resolved": {
    "resolution": "registry.npmjs.org/@cspotcode/source-map-support/0.8.1",
    "wanted": {
      "dependentId": "/ts-node/10.8.1",
      "name": "@cspotcode/source-map-support",
      "rawSpec": "^0.8.0"
    }
  },
  "51 debug pnpm:progress": {
    "packageId": "registry.npmjs.org/@cspotcode/source-map-support/0.8.1",
    "requester": "/Users/hd/Library/pnpm/global/5",
    "status": "resolved"
  },
  "52 debug pnpm:progress": {
    "packageId": "registry.npmjs.org/@cspotcode/source-map-support/0.8.1",
    "requester": "/Users/hd/Library/pnpm/global/5",
    "status": "found_in_store"
  },
  "53 debug pnpm:_dependency_resolved": {
    "resolution": "registry.npmjs.org/@jridgewell/trace-mapping/0.3.9",
    "wanted": {
      "dependentId": "/@cspotcode/source-map-support/0.8.1",
      "name": "@jridgewell/trace-mapping",
      "rawSpec": "0.3.9"
    }
  },
  "54 debug pnpm:progress": {
    "packageId": "registry.npmjs.org/@jridgewell/trace-mapping/0.3.9",
    "requester": "/Users/hd/Library/pnpm/global/5",
    "status": "resolved"
  },
  "55 debug pnpm:progress": {
    "packageId": "registry.npmjs.org/@jridgewell/trace-mapping/0.3.9",
    "requester": "/Users/hd/Library/pnpm/global/5",
    "status": "found_in_store"
  },
  "56 debug pnpm:_dependency_resolved": {
    "resolution": "registry.npmjs.org/@jridgewell/sourcemap-codec/1.4.13",
    "wanted": {
      "dependentId": "/@jridgewell/trace-mapping/0.3.9",
      "name": "@jridgewell/sourcemap-codec",
      "rawSpec": "^1.4.10"
    }
  },
  "57 debug pnpm:progress": {
    "packageId": "registry.npmjs.org/@jridgewell/sourcemap-codec/1.4.13",
    "requester": "/Users/hd/Library/pnpm/global/5",
    "status": "resolved"
  },
  "58 debug pnpm:progress": {
    "packageId": "registry.npmjs.org/@jridgewell/sourcemap-codec/1.4.13",
    "requester": "/Users/hd/Library/pnpm/global/5",
    "status": "found_in_store"
  },
  "59 debug pnpm:_dependency_resolved": {
    "resolution": "registry.npmjs.org/@jridgewell/resolve-uri/3.0.7",
    "wanted": {
      "dependentId": "/@jridgewell/trace-mapping/0.3.9",
      "name": "@jridgewell/resolve-uri",
      "rawSpec": "^3.0.3"
    }
  },
  "60 debug pnpm:progress": {
    "packageId": "registry.npmjs.org/@jridgewell/resolve-uri/3.0.7",
    "requester": "/Users/hd/Library/pnpm/global/5",
    "status": "resolved"
  },
  "61 debug pnpm:package-manifest": {
    "prefix": "/Users/hd/Library/pnpm/global/5",
    "updated": {
      "dependencies": {
        "pnpm": "^7.3.0",
        "ts-node": "^10.8.1",
        "typescript": "^4.7.4"
      }
    }
  },
  "62 debug pnpm:package-manifest": {
    "prefix": "/Users/hd/Library/pnpm/global/5",
    "updated": {
      "dependencies": {
        "pnpm": "^7.3.0",
        "ts-node": "^10.8.1",
        "typescript": "^4.7.4"
      }
    }
  },
  "63 debug pnpm:stage": {
    "prefix": "/Users/hd/Library/pnpm/global/5",
    "stage": "resolution_done"
  },
  "64 debug pnpm:removal": "/Users/hd/Library/pnpm/global/5/node_modules/ts-node",
  "65 debug pnpm:removal": "/Users/hd/Library/pnpm/global/5/node_modules/typescript",
  "66 debug pnpm:root": {
    "prefix": "/Users/hd/Library/pnpm/global/5",
    "removed": {
      "dependencyType": "prod",
      "name": "ts-node"
    }
  },
  "67 debug pnpm:root": {
    "prefix": "/Users/hd/Library/pnpm/global/5",
    "removed": {
      "dependencyType": "prod",
      "name": "typescript"
    }
  },
  "68 debug pnpm:stats": {
    "prefix": "/Users/hd/Library/pnpm/global/5",
    "removed": 2
  },
  "69 debug pnpm:removal": "/Users/hd/Library/pnpm/global/5/.pnpm/ts-node@10.8.1_typescript@4.6.4",
  "70 debug pnpm:removal": "/Users/hd/Library/pnpm/global/5/.pnpm/typescript@4.6.4",
  "71 debug pnpm:progress": {
    "packageId": "registry.npmjs.org/@jridgewell/resolve-uri/3.0.7",
    "requester": "/Users/hd/Library/pnpm/global/5",
    "status": "found_in_store"
  },
  "72 debug pnpm:removal": "/Users/hd/Library/pnpm/global/5/.pnpm/lock.yaml",
  "73 debug pnpm:removal": "/Users/hd/Library/pnpm/global/5/.pnpm/node_modules",
  "74 debug pnpm:stage": {
    "prefix": "/Users/hd/Library/pnpm/global/5",
    "stage": "importing_started"
  },
  "75 debug pnpm:stats": {
    "added": 2,
    "prefix": "/Users/hd/Library/pnpm/global/5"
  },
  "76 debug pnpm:link": {
    "target": "/Users/hd/Library/pnpm/global/5/.pnpm/@cspotcode+source-map-support@0.8.1/node_modules/@cspotcode/source-map-support",
    "link": "/Users/hd/Library/pnpm/global/5/.pnpm/ts-node@10.8.1_typescript@4.7.4/node_modules/@cspotcode/source-map-support"
  },
  "77 debug pnpm:link": {
    "target": "/Users/hd/Library/pnpm/global/5/.pnpm/@tsconfig+node10@1.0.9/node_modules/@tsconfig/node10",
    "link": "/Users/hd/Library/pnpm/global/5/.pnpm/ts-node@10.8.1_typescript@4.7.4/node_modules/@tsconfig/node10"
  },
  "78 debug pnpm:link": {
    "target": "/Users/hd/Library/pnpm/global/5/.pnpm/@tsconfig+node12@1.0.11/node_modules/@tsconfig/node12",
    "link": "/Users/hd/Library/pnpm/global/5/.pnpm/ts-node@10.8.1_typescript@4.7.4/node_modules/@tsconfig/node12"
  },
  "79 debug pnpm:link": {
    "target": "/Users/hd/Library/pnpm/global/5/.pnpm/@tsconfig+node14@1.0.3/node_modules/@tsconfig/node14",
    "link": "/Users/hd/Library/pnpm/global/5/.pnpm/ts-node@10.8.1_typescript@4.7.4/node_modules/@tsconfig/node14"
  },
  "80 debug pnpm:link": {
    "target": "/Users/hd/Library/pnpm/global/5/.pnpm/@tsconfig+node16@1.0.3/node_modules/@tsconfig/node16",
    "link": "/Users/hd/Library/pnpm/global/5/.pnpm/ts-node@10.8.1_typescript@4.7.4/node_modules/@tsconfig/node16"
  },
  "81 debug pnpm:link": {
    "target": "/Users/hd/Library/pnpm/global/5/.pnpm/acorn@8.7.1/node_modules/acorn",
    "link": "/Users/hd/Library/pnpm/global/5/.pnpm/ts-node@10.8.1_typescript@4.7.4/node_modules/acorn"
  },
  "82 debug pnpm:link": {
    "target": "/Users/hd/Library/pnpm/global/5/.pnpm/acorn-walk@8.2.0/node_modules/acorn-walk",
    "link": "/Users/hd/Library/pnpm/global/5/.pnpm/ts-node@10.8.1_typescript@4.7.4/node_modules/acorn-walk"
  },
  "83 debug pnpm:link": {
    "target": "/Users/hd/Library/pnpm/global/5/.pnpm/arg@4.1.3/node_modules/arg",
    "link": "/Users/hd/Library/pnpm/global/5/.pnpm/ts-node@10.8.1_typescript@4.7.4/node_modules/arg"
  },
  "84 debug pnpm:link": {
    "target": "/Users/hd/Library/pnpm/global/5/.pnpm/create-require@1.1.1/node_modules/create-require",
    "link": "/Users/hd/Library/pnpm/global/5/.pnpm/ts-node@10.8.1_typescript@4.7.4/node_modules/create-require"
  },
  "85 debug pnpm:link": {
    "target": "/Users/hd/Library/pnpm/global/5/.pnpm/diff@4.0.2/node_modules/diff",
    "link": "/Users/hd/Library/pnpm/global/5/.pnpm/ts-node@10.8.1_typescript@4.7.4/node_modules/diff"
  },
  "86 debug pnpm:link": {
    "target": "/Users/hd/Library/pnpm/global/5/.pnpm/make-error@1.3.6/node_modules/make-error",
    "link": "/Users/hd/Library/pnpm/global/5/.pnpm/ts-node@10.8.1_typescript@4.7.4/node_modules/make-error"
  },
  "87 debug pnpm:link": {
    "target": "/Users/hd/Library/pnpm/global/5/.pnpm/v8-compile-cache-lib@3.0.1/node_modules/v8-compile-cache-lib",
    "link": "/Users/hd/Library/pnpm/global/5/.pnpm/ts-node@10.8.1_typescript@4.7.4/node_modules/v8-compile-cache-lib"
  },
  "88 debug pnpm:link": {
    "target": "/Users/hd/Library/pnpm/global/5/.pnpm/yn@3.1.1/node_modules/yn",
    "link": "/Users/hd/Library/pnpm/global/5/.pnpm/ts-node@10.8.1_typescript@4.7.4/node_modules/yn"
  },
  "89 debug pnpm:link": {
    "target": "/Users/hd/Library/pnpm/global/5/.pnpm/typescript@4.7.4/node_modules/typescript",
    "link": "/Users/hd/Library/pnpm/global/5/.pnpm/ts-node@10.8.1_typescript@4.7.4/node_modules/typescript"
  },
  "90 debug pnpm:package-import-method": {
    "method": "hardlink"
  },
  "91 debug pnpm:progress": {
    "method": "hardlink",
    "requester": "/Users/hd/Library/pnpm/global/5",
    "status": "imported",
    "to": "/Users/hd/Library/pnpm/global/5/.pnpm/ts-node@10.8.1_typescript@4.7.4/node_modules/ts-node"
  },
  "92 debug pnpm:package-import-method": {
    "method": "hardlink"
  },
  "93 debug pnpm:progress": {
    "method": "hardlink",
    "requester": "/Users/hd/Library/pnpm/global/5",
    "status": "imported",
    "to": "/Users/hd/Library/pnpm/global/5/.pnpm/typescript@4.7.4/node_modules/typescript"
  },
  "94 debug pnpm:stage": {
    "prefix": "/Users/hd/Library/pnpm/global/5",
    "stage": "importing_done"
  },
  "95 debug pnpm:link": {
    "target": "/Users/hd/Library/pnpm/global/5/.pnpm/pnpm@7.3.0/node_modules/pnpm",
    "link": "/Users/hd/Library/pnpm/global/5/node_modules/pnpm"
  },
  "96 debug pnpm:link": {
    "target": "/Users/hd/Library/pnpm/global/5/.pnpm/ts-node@10.8.1_typescript@4.7.4/node_modules/ts-node",
    "link": "/Users/hd/Library/pnpm/global/5/node_modules/ts-node"
  },
  "97 debug pnpm:link": {
    "target": "/Users/hd/Library/pnpm/global/5/.pnpm/typescript@4.7.4/node_modules/typescript",
    "link": "/Users/hd/Library/pnpm/global/5/node_modules/typescript"
  },
  "98 debug pnpm:root": {
    "added": {
      "dependencyType": "prod",
      "id": "registry.npmjs.org/ts-node/10.8.1",
      "name": "ts-node",
      "realName": "ts-node",
      "version": "10.8.1"
    },
    "prefix": "/Users/hd/Library/pnpm/global/5"
  },
  "99 debug pnpm:root": {
    "added": {
      "dependencyType": "prod",
      "id": "registry.npmjs.org/pnpm/7.3.0",
      "name": "pnpm",
      "realName": "pnpm",
      "version": "7.3.0"
    },
    "prefix": "/Users/hd/Library/pnpm/global/5"
  },
  "100 debug pnpm:root": {
    "added": {
      "dependencyType": "prod",
      "id": "registry.npmjs.org/typescript/4.7.4",
      "name": "typescript",
      "realName": "typescript",
      "version": "4.7.4"
    },
    "prefix": "/Users/hd/Library/pnpm/global/5"
  },
  "101 debug pnpm:link": {
    "target": "/Users/hd/Library/pnpm/global/5/.pnpm/@cspotcode+source-map-support@0.8.1/node_modules/@cspotcode/source-map-support",
    "link": "/Users/hd/Library/pnpm/global/5/.pnpm/node_modules/@cspotcode/source-map-support"
  },
  "102 debug pnpm:link": {
    "target": "/Users/hd/Library/pnpm/global/5/.pnpm/@tsconfig+node10@1.0.9/node_modules/@tsconfig/node10",
    "link": "/Users/hd/Library/pnpm/global/5/.pnpm/node_modules/@tsconfig/node10"
  },
  "103 debug pnpm:link": {
    "target": "/Users/hd/Library/pnpm/global/5/.pnpm/@tsconfig+node12@1.0.11/node_modules/@tsconfig/node12",
    "link": "/Users/hd/Library/pnpm/global/5/.pnpm/node_modules/@tsconfig/node12"
  },
  "104 debug pnpm:link": {
    "target": "/Users/hd/Library/pnpm/global/5/.pnpm/@tsconfig+node14@1.0.3/node_modules/@tsconfig/node14",
    "link": "/Users/hd/Library/pnpm/global/5/.pnpm/node_modules/@tsconfig/node14"
  },
  "105 debug pnpm:link": {
    "target": "/Users/hd/Library/pnpm/global/5/.pnpm/@tsconfig+node16@1.0.3/node_modules/@tsconfig/node16",
    "link": "/Users/hd/Library/pnpm/global/5/.pnpm/node_modules/@tsconfig/node16"
  },
  "106 debug pnpm:link": {
    "target": "/Users/hd/Library/pnpm/global/5/.pnpm/acorn@8.7.1/node_modules/acorn",
    "link": "/Users/hd/Library/pnpm/global/5/.pnpm/node_modules/acorn"
  },
  "107 debug pnpm:link": {
    "target": "/Users/hd/Library/pnpm/global/5/.pnpm/acorn-walk@8.2.0/node_modules/acorn-walk",
    "link": "/Users/hd/Library/pnpm/global/5/.pnpm/node_modules/acorn-walk"
  },
  "108 debug pnpm:link": {
    "target": "/Users/hd/Library/pnpm/global/5/.pnpm/arg@4.1.3/node_modules/arg",
    "link": "/Users/hd/Library/pnpm/global/5/.pnpm/node_modules/arg"
  },
  "109 debug pnpm:link": {
    "target": "/Users/hd/Library/pnpm/global/5/.pnpm/create-require@1.1.1/node_modules/create-require",
    "link": "/Users/hd/Library/pnpm/global/5/.pnpm/node_modules/create-require"
  },
  "110 debug pnpm:link": {
    "target": "/Users/hd/Library/pnpm/global/5/.pnpm/diff@4.0.2/node_modules/diff",
    "link": "/Users/hd/Library/pnpm/global/5/.pnpm/node_modules/diff"
  },
  "111 debug pnpm:link": {
    "target": "/Users/hd/Library/pnpm/global/5/.pnpm/make-error@1.3.6/node_modules/make-error",
    "link": "/Users/hd/Library/pnpm/global/5/.pnpm/node_modules/make-error"
  },
  "112 debug pnpm:link": {
    "target": "/Users/hd/Library/pnpm/global/5/.pnpm/v8-compile-cache-lib@3.0.1/node_modules/v8-compile-cache-lib",
    "link": "/Users/hd/Library/pnpm/global/5/.pnpm/node_modules/v8-compile-cache-lib"
  },
  "113 debug pnpm:link": {
    "target": "/Users/hd/Library/pnpm/global/5/.pnpm/yn@3.1.1/node_modules/yn",
    "link": "/Users/hd/Library/pnpm/global/5/.pnpm/node_modules/yn"
  },
  "114 debug pnpm:link": {
    "target": "/Users/hd/Library/pnpm/global/5/.pnpm/@jridgewell+trace-mapping@0.3.9/node_modules/@jridgewell/trace-mapping",
    "link": "/Users/hd/Library/pnpm/global/5/.pnpm/node_modules/@jridgewell/trace-mapping"
  },
  "115 debug pnpm:link": {
    "target": "/Users/hd/Library/pnpm/global/5/.pnpm/@jridgewell+resolve-uri@3.0.7/node_modules/@jridgewell/resolve-uri",
    "link": "/Users/hd/Library/pnpm/global/5/.pnpm/node_modules/@jridgewell/resolve-uri"
  },
  "116 debug pnpm:link": {
    "target": "/Users/hd/Library/pnpm/global/5/.pnpm/@jridgewell+sourcemap-codec@1.4.13/node_modules/@jridgewell/sourcemap-codec",
    "link": "/Users/hd/Library/pnpm/global/5/.pnpm/node_modules/@jridgewell/sourcemap-codec"
  },
  "117 debug pnpm:summary": {
    "prefix": "/Users/hd/Library/pnpm/global/5"
  },
  "118 error pnpm": {
    "code": "ERR_PNPM_PEER_DEP_ISSUES",
    "issuesByProjects": {
      ".": {
        "bad": {},
        "missing": {
          "@swc/core": [
            {
              "parents": [
                {
                  "name": "ts-node",
                  "version": "10.8.1"
                }
              ],
              "optional": true,
              "wantedRange": ">=1.2.50"
            }
          ],
          "@swc/wasm": [
            {
              "parents": [
                {
                  "name": "ts-node",
                  "version": "10.8.1"
                }
              ],
              "optional": true,
              "wantedRange": ">=1.2.50"
            }
          ],
          "@types/node": [
            {
              "parents": [
                {
                  "name": "ts-node",
                  "version": "10.8.1"
                }
              ],
              "optional": false,
              "wantedRange": "*"
            }
          ]
        },
        "conflicts": [],
        "intersections": {
          "@types/node": "*"
        }
      }
    },
    "err": {
      "name": "pnpm",
      "message": "Unmet peer dependencies",
      "code": "ERR_PNPM_PEER_DEP_ISSUES",
      "stack": "pnpm: Unmet peer dependencies\n    at default_1 (/Users/hd/Library/pnpm/global/5/.pnpm/pnpm@7.3.0/node_modules/pnpm/dist/pnpm.cjs:121492:15)\n    at _installInContext (/Users/hd/Library/pnpm/global/5/.pnpm/pnpm@7.3.0/node_modules/pnpm/dist/pnpm.cjs:122219:48)\n    at async installInContext (/Users/hd/Library/pnpm/global/5/.pnpm/pnpm@7.3.0/node_modules/pnpm/dist/pnpm.cjs:122262:16)\n    at async _install (/Users/hd/Library/pnpm/global/5/.pnpm/pnpm@7.3.0/node_modules/pnpm/dist/pnpm.cjs:121857:25)\n    at async mutateModules (/Users/hd/Library/pnpm/global/5/.pnpm/pnpm@7.3.0/node_modules/pnpm/dist/pnpm.cjs:121640:23)\n    at async install (/Users/hd/Library/pnpm/global/5/.pnpm/pnpm@7.3.0/node_modules/pnpm/dist/pnpm.cjs:121598:24)\n    at async handler (/Users/hd/Library/pnpm/global/5/.pnpm/pnpm@7.3.0/node_modules/pnpm/dist/pnpm.cjs:123237:31)\n    at async /Users/hd/Library/pnpm/global/5/.pnpm/pnpm@7.3.0/node_modules/pnpm/dist/pnpm.cjs:187855:21\n    at async run (/Users/hd/Library/pnpm/global/5/.pnpm/pnpm@7.3.0/node_modules/pnpm/dist/pnpm.cjs:187829:34)\n    at async runPnpm (/Users/hd/Library/pnpm/global/5/.pnpm/pnpm@7.3.0/node_modules/pnpm/dist/pnpm.cjs:188047:5)"
    }
  }
}